<?xml version="1.0" encoding="UTF-8"?>
<!-- Generated by org.testng.reporters.JUnitReportReporter -->
<testsuite hostname="LAPTOP-3VRRLTE0" failures="0" tests="1" name="OrangeHRM.OHRM.mandatoryfields" time="12.543" errors="0" timestamp="2024-02-29T17:05:13 IST" skipped="0">
  <testcase classname="OrangeHRM.OHRM.mandatoryfields" name="log" time="12.543"/>
  <system-out/>
</testsuite> <!-- OrangeHRM.OHRM.mandatoryfields -->
