<?xml version="1.0" encoding="UTF-8"?>
<!-- Generated by org.testng.reporters.JUnitReportReporter -->
<testsuite hostname="LAPTOP-3VRRLTE0" failures="0" tests="1" name="OrangeHRM.OHRM.jobview" time="13.503" errors="0" timestamp="2024-02-29T17:28:11 IST" skipped="0">
  <testcase classname="OrangeHRM.OHRM.jobview" name="log" time="13.503"/>
  <system-out/>
</testsuite> <!-- OrangeHRM.OHRM.jobview -->
