<?xml version="1.0" encoding="UTF-8"?>
<!-- Generated by org.testng.reporters.JUnitReportReporter -->
<testsuite hostname="LAPTOP-3VRRLTE0" failures="0" tests="1" name="OrangeHRM.OHRM.fileuploading" time="14.782" errors="0" timestamp="2024-02-29T17:05:13 IST" skipped="0">
  <testcase classname="OrangeHRM.OHRM.fileuploading" name="log" time="14.782"/>
  <system-out/>
</testsuite> <!-- OrangeHRM.OHRM.fileuploading -->
